This file contains any messages produced by compilers while
running configure, to aid debugging if configure makes a mistake.

It was created by configure, which was
generated by GNU Autoconf 2.69.  Invocation command line was

  $ ../configure --prefix=/Users/jamesrobinson/Desktop/XCode/ItemEncrypt/ItemEncrypt/Sources/dist/Debug --enable-64bit

## --------- ##
## Platform. ##
## --------- ##

hostname = James-MacBook-Pro.local
uname -m = x86_64
uname -r = 18.5.0
uname -s = Darwin
uname -v = Darwin Kernel Version 18.5.0: Mon Mar 11 20:40:32 PDT 2019; root:xnu-4903.251.3~3/RELEASE_X86_64

/usr/bin/uname -p = i386
/bin/uname -X     = unknown

/bin/arch              = unknown
/usr/bin/arch -k       = unknown
/usr/convex/getsysinfo = unknown
/usr/bin/hostinfo      = Mach kernel version:
	 Darwin Kernel Version 18.5.0: Mon Mar 11 20:40:32 PDT 2019; root:xnu-4903.251.3~3/RELEASE_X86_64
Kernel configured for up to 4 processors.
2 processors are physically available.
4 processors are logically available.
Processor type: x86_64h (Intel x86-64h Haswell)
Processors active: 0 1 2 3
Primary memory available: 8.00 gigabytes
Default processor set: 422 tasks, 2260 threads, 4 processors
Load average: 2.25, Mach factor: 1.81
/bin/machine           = unknown
/usr/bin/oslevel       = unknown
/bin/universe          = unknown

PATH: /usr/bin
PATH: /bin
PATH: /usr/sbin
PATH: /sbin
PATH: /usr/local/bin
PATH: /Applications/VMware Fusion.app/Contents/Public
PATH: /Library/TeX/texbin
PATH: /opt/X11/bin
PATH: /Applications/Marmalade.app/Contents/s3e/bin


## ----------- ##
## Core tests. ##
## ----------- ##

configure:2382: checking build system type
configure:2396: result: x86_64-apple-darwin18.5.0
configure:2416: checking host system type
configure:2429: result: x86_64-apple-darwin18.5.0
configure:2449: checking target system type
configure:2462: result: x86_64-apple-darwin18.5.0
configure:3045: checking for whoami
configure:3063: found /usr/bin/whoami
configure:3076: result: /usr/bin/whoami
configure:3216: checking for gcc
configure:3232: found /usr/bin/gcc
configure:3243: result: gcc
configure:3472: checking for C compiler version
configure:3481: gcc --version >&5
Apple LLVM version 10.0.1 (clang-1001.0.46.4)
Target: x86_64-apple-darwin18.5.0
Thread model: posix
InstalledDir: /Applications/Xcode.app/Contents/Developer/Toolchains/XcodeDefault.xctoolchain/usr/bin
Configured with: --prefix=/Applications/Xcode.app/Contents/Developer/usr --with-gxx-include-dir=/usr/include/c++/4.2.1
configure:3492: $? = 0
configure:3481: gcc -v >&5
Configured with: --prefix=/Applications/Xcode.app/Contents/Developer/usr --with-gxx-include-dir=/usr/include/c++/4.2.1
Apple LLVM version 10.0.1 (clang-1001.0.46.4)
Target: x86_64-apple-darwin18.5.0
Thread model: posix
InstalledDir: /Applications/Xcode.app/Contents/Developer/Toolchains/XcodeDefault.xctoolchain/usr/bin
configure:3492: $? = 0
configure:3481: gcc -V >&5
clang: error: unsupported option '-V -Wno-atomic-implicit-seq-cst'
clang: error: no input files
configure:3492: $? = 1
configure:3481: gcc -qversion >&5
clang: error: unknown argument '-qversion', did you mean '--version'?
clang: error: no input files
configure:3492: $? = 1
configure:3512: checking whether the C compiler works
configure:3534: gcc      conftest.c  >&5
configure:3538: $? = 0
configure:3586: result: yes
configure:3589: checking for C compiler default output file name
configure:3591: result: a.out
configure:3597: checking for suffix of executables
configure:3604: gcc -o conftest      conftest.c  >&5
configure:3608: $? = 0
configure:3630: result: 
configure:3652: checking whether we are cross compiling
configure:3660: gcc -o conftest      conftest.c  >&5
configure:3664: $? = 0
configure:3671: ./conftest
configure:3675: $? = 0
configure:3690: result: no
configure:3695: checking for suffix of object files
configure:3717: gcc -c    conftest.c >&5
configure:3721: $? = 0
configure:3742: result: o
configure:3746: checking whether we are using the GNU C compiler
configure:3765: gcc -c    conftest.c >&5
configure:3765: $? = 0
configure:3774: result: yes
configure:3783: checking whether gcc accepts -g
configure:3803: gcc -c -g  conftest.c >&5
configure:3803: $? = 0
configure:3844: result: yes
configure:3861: checking for gcc option to accept ISO C89
configure:3924: gcc  -c    conftest.c >&5
configure:3924: $? = 0
configure:3937: result: none needed
configure:4920: checking for ranlib
configure:4936: found /usr/bin/ranlib
configure:4947: result: ranlib
configure:4973: checking for as
configure:4991: found /usr/bin/as
configure:5003: result: /usr/bin/as
configure:5019: checking for ar
configure:5037: found /usr/bin/ar
configure:5049: result: /usr/bin/ar
configure:5065: checking for ld
configure:5083: found /usr/bin/ld
configure:5095: result: /usr/bin/ld
configure:5111: checking for strip
configure:5129: found /usr/bin/strip
configure:5141: result: /usr/bin/strip
configure:5157: checking for windres
configure:5190: result: no
configure:5212: checking how to run the C preprocessor
configure:5243: gcc -E  conftest.c
configure:5243: $? = 0
configure:5257: gcc -E  conftest.c
conftest.c:10:10: fatal error: 'ac_nonexistent.h' file not found
#include <ac_nonexistent.h>
         ^~~~~~~~~~~~~~~~~~
1 error generated.
configure:5257: $? = 1
configure: failed program was:
| /* confdefs.h */
| #define PACKAGE_NAME ""
| #define PACKAGE_TARNAME ""
| #define PACKAGE_VERSION ""
| #define PACKAGE_STRING ""
| #define PACKAGE_BUGREPORT ""
| #define PACKAGE_URL ""
| #define DEBUG 1
| /* end confdefs.h.  */
| #include <ac_nonexistent.h>
configure:5282: result: gcc -E
configure:5302: gcc -E  conftest.c
configure:5302: $? = 0
configure:5316: gcc -E  conftest.c
conftest.c:10:10: fatal error: 'ac_nonexistent.h' file not found
#include <ac_nonexistent.h>
         ^~~~~~~~~~~~~~~~~~
1 error generated.
configure:5316: $? = 1
configure: failed program was:
| /* confdefs.h */
| #define PACKAGE_NAME ""
| #define PACKAGE_TARNAME ""
| #define PACKAGE_VERSION ""
| #define PACKAGE_STRING ""
| #define PACKAGE_BUGREPORT ""
| #define PACKAGE_URL ""
| #define DEBUG 1
| /* end confdefs.h.  */
| #include <ac_nonexistent.h>
configure:5368: checking for gcc -pipe support
configure:5413: result: no
configure:5418: checking for pragma diagnostic
warning: unknown warning option '-Werror=unused-but-set-variable'; did you mean '-Werror=unused-const-variable'? [-Wunknown-warning-option]
1 warning generated.
configure:5444: result: no
configure:5455: checking whether C compiler supports -fprofile-generate
configure:5468: gcc -c   -fprofile-generate -fprofile-correction  conftest.c >&5
clang: warning: optimization flag '-fprofile-correction' is not supported [-Wignored-optimization-argument]
configure:5468: $? = 0
configure:5475: result: yes
configure:5487: checking for visibility(hidden) attribute
configure:5504: result: no
configure:5560: checking for perl5
configure:5593: result: no
configure:5560: checking for perl
configure:5578: found /usr/bin/perl
configure:5590: result: /usr/bin/perl
configure:5889: gcc -c   conftest.c >&5
conftest.c:14:15: error: use of undeclared identifier '__thumb2__'
return sizeof(__thumb2__);
              ^
1 error generated.
configure:5889: $? = 1
configure: failed program was:
| /* confdefs.h */
| #define PACKAGE_NAME ""
| #define PACKAGE_TARNAME ""
| #define PACKAGE_VERSION ""
| #define PACKAGE_STRING ""
| #define PACKAGE_BUGREPORT ""
| #define PACKAGE_URL ""
| #define DEBUG 1
| /* end confdefs.h.  */
| 
| int
| main ()
| {
| return sizeof(__thumb2__);
|   ;
|   return 0;
| }
configure:6581: checking crt_externs.h usability
configure:6581: gcc -arch x86_64 -c   -Wall -fno-common  conftest.c >&5
configure:6581: $? = 0
configure:6581: result: yes
configure:6581: checking crt_externs.h presence
configure:6581: gcc -E  conftest.c
configure:6581: $? = 0
configure:6581: result: yes
configure:6581: checking for crt_externs.h
configure:6581: result: yes
configure:7892: checking whether gcc -arch x86_64 needs -traditional
clang: error: unable to execute command: Broken pipe: 13
clang: error: clang frontend command failed due to signal (use -v to see invocation)
Apple LLVM version 10.0.1 (clang-1001.0.46.4)
Target: x86_64-apple-darwin18.5.0
Thread model: posix
InstalledDir: /Applications/Xcode.app/Contents/Developer/Toolchains/XcodeDefault.xctoolchain/usr/bin
clang: note: diagnostic msg: PLEASE submit a bug report to http://developer.apple.com/bugreporter/ and include the crash backtrace, preprocessed source, and associated run script.
clang: note: diagnostic msg: 
********************

PLEASE ATTACH THE FOLLOWING FILES TO THE BUG REPORT:
Preprocessed source(s) and associated run script(s) are located at:
clang: note: diagnostic msg: /var/folders/23/y1pkz3md7s5bdwxq2z5k3bv00000gn/T/conftest-09a6c1.c
clang: note: diagnostic msg: /var/folders/23/y1pkz3md7s5bdwxq2z5k3bv00000gn/T/conftest-09a6c1.sh
clang: note: diagnostic msg: Crash backtrace is located in
clang: note: diagnostic msg: /Users/jamesrobinson/Library/Logs/DiagnosticReports/clang_<YYYY-MM-DD-HHMMSS>_<hostname>.crash
clang: note: diagnostic msg: (choose the .crash file that corresponds to your crash)
clang: note: diagnostic msg: 

********************
conftest.c:18:10: fatal error: 'termio.h' file not found
#include <termio.h>
         ^~~~~~~~~~
clang: error: unable to execute command: Broken pipe: 13
clang: error: clang frontend command failed due to signal (use -v to see invocation)
Apple LLVM version 10.0.1 (clang-1001.0.46.4)
Target: x86_64-apple-darwin18.5.0
Thread model: posix
InstalledDir: /Applications/Xcode.app/Contents/Developer/Toolchains/XcodeDefault.xctoolchain/usr/bin
clang: note: diagnostic msg: PLEASE submit a bug report to http://developer.apple.com/bugreporter/ and include the crash backtrace, preprocessed source, and associated run script.
clang: note: diagnostic msg: Error generating preprocessed source(s).
configure:7926: result: no
configure:7938: checking for dladdr
configure:7938: gcc -arch x86_64 -o conftest   -Wall -fno-common    conftest.c   >&5
configure:7938: $? = 0
configure:7938: result: yes
configure:7938: checking for gettid
configure:7938: gcc -arch x86_64 -o conftest   -Wall -fno-common    conftest.c   >&5
Undefined symbols for architecture x86_64:
  "_gettid", referenced from:
      _main in conftest-d226bf.o
ld: symbol(s) not found for architecture x86_64
clang: error: linker command failed with exit code 1 (use -v to see invocation)
configure:7938: $? = 1
configure: failed program was:
| /* confdefs.h */
| #define PACKAGE_NAME ""
| #define PACKAGE_TARNAME ""
| #define PACKAGE_VERSION ""
| #define PACKAGE_STRING ""
| #define PACKAGE_BUGREPORT ""
| #define PACKAGE_URL ""
| #define DEBUG 1
| #define XP_UNIX 1
| #define DARWIN 1
| #define HAVE_BSD_FLOCK 1
| #define HAVE_SOCKLEN_T 1
| #define HAVE_POINTER_LOCALTIME_R 1
| #define HAS_CONNECTX 1
| #define HAVE_CRT_EXTERNS_H 1
| #define XP_MACOSX 1
| #define HAVE_DLADDR 1
| /* end confdefs.h.  */
| /* Define gettid to an innocuous variant, in case <limits.h> declares gettid.
|    For example, HP-UX 11i <limits.h> declares gettimeofday.  */
| #define gettid innocuous_gettid
| 
| /* System header to define __stub macros and hopefully few prototypes,
|     which can conflict with char gettid (); below.
|     Prefer <limits.h> to <assert.h> if __STDC__ is defined, since
|     <limits.h> exists even on freestanding compilers.  */
| 
| #ifdef __STDC__
| # include <limits.h>
| #else
| # include <assert.h>
| #endif
| 
| #undef gettid
| 
| /* Override any GCC internal prototype to avoid an error.
|    Use char because int might match the return type of a GCC
|    builtin and then its argument prototype would still apply.  */
| #ifdef __cplusplus
| extern "C"
| #endif
| char gettid ();
| /* The GNU C library defines this for functions which it implements
|     to always fail with ENOSYS.  Some functions are actually named
|     something starting with __ and the normal name is an alias.  */
| #if defined __stub_gettid || defined __stub___gettid
| choke me
| #endif
| 
| int
| main ()
| {
| return gettid ();
|   ;
|   return 0;
| }
configure:7938: result: no
configure:7938: checking for lchown
configure:7938: gcc -arch x86_64 -o conftest   -Wall -fno-common    conftest.c   >&5
configure:7938: $? = 0
configure:7938: result: yes
configure:7938: checking for setpriority
configure:7938: gcc -arch x86_64 -o conftest   -Wall -fno-common    conftest.c   >&5
configure:7938: $? = 0
configure:7938: result: yes
configure:7938: checking for strerror
configure:7938: gcc -arch x86_64 -o conftest   -Wall -fno-common    conftest.c   >&5
conftest.c:44:6: warning: incompatible redeclaration of library function 'strerror' [-Wincompatible-library-redeclaration]
char strerror ();
     ^
conftest.c:44:6: note: 'strerror' is a builtin with type 'char *(int)'
1 warning generated.
configure:7938: $? = 0
configure:7938: result: yes
configure:7938: checking for syscall
configure:7938: gcc -arch x86_64 -o conftest   -Wall -fno-common    conftest.c   >&5
configure:7938: $? = 0
configure:7938: result: yes
configure:7938: checking for secure_getenv
configure:7938: gcc -arch x86_64 -o conftest   -Wall -fno-common    conftest.c   >&5
Undefined symbols for architecture x86_64:
  "_secure_getenv", referenced from:
      _main in conftest-bb088c.o
ld: symbol(s) not found for architecture x86_64
clang: error: linker command failed with exit code 1 (use -v to see invocation)
configure:7938: $? = 1
configure: failed program was:
| /* confdefs.h */
| #define PACKAGE_NAME ""
| #define PACKAGE_TARNAME ""
| #define PACKAGE_VERSION ""
| #define PACKAGE_STRING ""
| #define PACKAGE_BUGREPORT ""
| #define PACKAGE_URL ""
| #define DEBUG 1
| #define XP_UNIX 1
| #define DARWIN 1
| #define HAVE_BSD_FLOCK 1
| #define HAVE_SOCKLEN_T 1
| #define HAVE_POINTER_LOCALTIME_R 1
| #define HAS_CONNECTX 1
| #define HAVE_CRT_EXTERNS_H 1
| #define XP_MACOSX 1
| #define HAVE_DLADDR 1
| #define HAVE_LCHOWN 1
| #define HAVE_SETPRIORITY 1
| #define HAVE_STRERROR 1
| #define HAVE_SYSCALL 1
| /* end confdefs.h.  */
| /* Define secure_getenv to an innocuous variant, in case <limits.h> declares secure_getenv.
|    For example, HP-UX 11i <limits.h> declares gettimeofday.  */
| #define secure_getenv innocuous_secure_getenv
| 
| /* System header to define __stub macros and hopefully few prototypes,
|     which can conflict with char secure_getenv (); below.
|     Prefer <limits.h> to <assert.h> if __STDC__ is defined, since
|     <limits.h> exists even on freestanding compilers.  */
| 
| #ifdef __STDC__
| # include <limits.h>
| #else
| # include <assert.h>
| #endif
| 
| #undef secure_getenv
| 
| /* Override any GCC internal prototype to avoid an error.
|    Use char because int might match the return type of a GCC
|    builtin and then its argument prototype would still apply.  */
| #ifdef __cplusplus
| extern "C"
| #endif
| char secure_getenv ();
| /* The GNU C library defines this for functions which it implements
|     to always fail with ENOSYS.  Some functions are actually named
|     something starting with __ and the normal name is an alias.  */
| #if defined __stub_secure_getenv || defined __stub___secure_getenv
| choke me
| #endif
| 
| int
| main ()
| {
| return secure_getenv ();
|   ;
|   return 0;
| }
configure:7938: result: no
configure:7938: checking for __secure_getenv
configure:7938: gcc -arch x86_64 -o conftest   -Wall -fno-common    conftest.c   >&5
Undefined symbols for architecture x86_64:
  "___secure_getenv", referenced from:
      _main in conftest-af1c65.o
ld: symbol(s) not found for architecture x86_64
clang: error: linker command failed with exit code 1 (use -v to see invocation)
configure:7938: $? = 1
configure: failed program was:
| /* confdefs.h */
| #define PACKAGE_NAME ""
| #define PACKAGE_TARNAME ""
| #define PACKAGE_VERSION ""
| #define PACKAGE_STRING ""
| #define PACKAGE_BUGREPORT ""
| #define PACKAGE_URL ""
| #define DEBUG 1
| #define XP_UNIX 1
| #define DARWIN 1
| #define HAVE_BSD_FLOCK 1
| #define HAVE_SOCKLEN_T 1
| #define HAVE_POINTER_LOCALTIME_R 1
| #define HAS_CONNECTX 1
| #define HAVE_CRT_EXTERNS_H 1
| #define XP_MACOSX 1
| #define HAVE_DLADDR 1
| #define HAVE_LCHOWN 1
| #define HAVE_SETPRIORITY 1
| #define HAVE_STRERROR 1
| #define HAVE_SYSCALL 1
| /* end confdefs.h.  */
| /* Define __secure_getenv to an innocuous variant, in case <limits.h> declares __secure_getenv.
|    For example, HP-UX 11i <limits.h> declares gettimeofday.  */
| #define __secure_getenv innocuous___secure_getenv
| 
| /* System header to define __stub macros and hopefully few prototypes,
|     which can conflict with char __secure_getenv (); below.
|     Prefer <limits.h> to <assert.h> if __STDC__ is defined, since
|     <limits.h> exists even on freestanding compilers.  */
| 
| #ifdef __STDC__
| # include <limits.h>
| #else
| # include <assert.h>
| #endif
| 
| #undef __secure_getenv
| 
| /* Override any GCC internal prototype to avoid an error.
|    Use char because int might match the return type of a GCC
|    builtin and then its argument prototype would still apply.  */
| #ifdef __cplusplus
| extern "C"
| #endif
| char __secure_getenv ();
| /* The GNU C library defines this for functions which it implements
|     to always fail with ENOSYS.  Some functions are actually named
|     something starting with __ and the normal name is an alias.  */
| #if defined __stub___secure_getenv || defined __stub_____secure_getenv
| choke me
| #endif
| 
| int
| main ()
| {
| return __secure_getenv ();
|   ;
|   return 0;
| }
configure:7938: result: no
configure:8320: checking whether gcc -arch x86_64 accepts -pthread
configure:8339: result: yes
configure:8949: creating ./config.status

## ---------------------- ##
## Running config.status. ##
## ---------------------- ##

This file was extended by config.status, which was
generated by GNU Autoconf 2.69.  Invocation command line was

  CONFIG_FILES    = 
  CONFIG_HEADERS  = 
  CONFIG_LINKS    = 
  CONFIG_COMMANDS = 
  $ ./config.status 

on James-MacBook-Pro.local

config.status:836: creating Makefile
config.status:836: creating config/Makefile
config.status:836: creating config/autoconf.mk
config.status:836: creating config/nsprincl.mk
config.status:836: creating config/nsprincl.sh
config.status:836: creating config/nspr-config
config.status:836: creating config/nspr.pc
config.status:836: creating lib/Makefile
config.status:836: creating lib/ds/Makefile
config.status:836: creating lib/libc/Makefile
config.status:836: creating lib/libc/include/Makefile
config.status:836: creating lib/libc/src/Makefile
config.status:836: creating lib/tests/Makefile
config.status:836: creating pkg/Makefile
config.status:836: creating pr/Makefile
config.status:836: creating pr/include/Makefile
config.status:836: creating pr/include/md/Makefile
config.status:836: creating pr/include/obsolete/Makefile
config.status:836: creating pr/include/private/Makefile
config.status:836: creating pr/src/Makefile
config.status:836: creating pr/src/io/Makefile
config.status:836: creating pr/src/linking/Makefile
config.status:836: creating pr/src/malloc/Makefile
config.status:836: creating pr/src/md/Makefile
config.status:836: creating pr/src/md/unix/Makefile
config.status:836: creating pr/src/memory/Makefile
config.status:836: creating pr/src/misc/Makefile
config.status:836: creating pr/src/threads/Makefile
config.status:836: creating pr/tests/Makefile
config.status:836: creating pr/tests/dll/Makefile
config.status:836: creating pr/src/pthreads/Makefile
config.status:982: executing default commands

## ---------------- ##
## Cache variables. ##
## ---------------- ##

ac_cv_build=x86_64-apple-darwin18.5.0
ac_cv_c_compiler_gnu=yes
ac_cv_env_CCC_set=
ac_cv_env_CCC_value=
ac_cv_env_CC_set=set
ac_cv_env_CC_value=
ac_cv_env_CFLAGS_set=set
ac_cv_env_CFLAGS_value=' '
ac_cv_env_CPPFLAGS_set=
ac_cv_env_CPPFLAGS_value=
ac_cv_env_CPP_set=
ac_cv_env_CPP_value=
ac_cv_env_CXXFLAGS_set=set
ac_cv_env_CXXFLAGS_value=' '
ac_cv_env_CXX_set=set
ac_cv_env_CXX_value=
ac_cv_env_LDFLAGS_set=set
ac_cv_env_LDFLAGS_value=' '
ac_cv_env_LIBS_set=
ac_cv_env_LIBS_value=
ac_cv_env_build_alias_set=
ac_cv_env_build_alias_value=
ac_cv_env_host_alias_set=
ac_cv_env_host_alias_value=
ac_cv_env_target_alias_set=
ac_cv_env_target_alias_value=
ac_cv_func___secure_getenv=no
ac_cv_func_dladdr=yes
ac_cv_func_gettid=no
ac_cv_func_lchown=yes
ac_cv_func_secure_getenv=no
ac_cv_func_setpriority=yes
ac_cv_func_strerror=yes
ac_cv_func_syscall=yes
ac_cv_have_dash_pthread=yes
ac_cv_have_dash_pthreads=no
ac_cv_header_crt_externs_h=yes
ac_cv_host=x86_64-apple-darwin18.5.0
ac_cv_objext=o
ac_cv_path_AR=/usr/bin/ar
ac_cv_path_AS=/usr/bin/as
ac_cv_path_LD=/usr/bin/ld
ac_cv_path_PERL=/usr/bin/perl
ac_cv_path_STRIP=/usr/bin/strip
ac_cv_path_WHOAMI=/usr/bin/whoami
ac_cv_prog_CPP='gcc -E'
ac_cv_prog_ac_ct_CC=gcc
ac_cv_prog_ac_ct_RANLIB=ranlib
ac_cv_prog_cc_c89=
ac_cv_prog_cc_g=yes
ac_cv_prog_gcc_traditional=no
ac_cv_target=x86_64-apple-darwin18.5.0
ac_cv_visibility_hidden=no

## ----------------- ##
## Output variables. ##
## ----------------- ##

AIX_LINK_OPTS=''
AR='/usr/bin/ar'
AR_FLAGS='cr $@'
AS='$(CC) -x assembler-with-cpp'
ASFLAGS='$(CFLAGS)'
ASM_SUFFIX='s'
CC='gcc -arch x86_64'
CCACHE='no'
CFLAGS='  -Wall -fno-common -pthread -g'
CPP='gcc -E'
CPPFLAGS=''
CPU_ARCH='x86_64'
CROSS_COMPILE=''
CXX=''
CXXFLAGS='  -pthread -g'
CYGWIN_WRAPPER=''
DEFINES=' -UNDEBUG -DDEBUG_jamesrobinson'
DEFS='-DPACKAGE_NAME=\"\" -DPACKAGE_TARNAME=\"\" -DPACKAGE_VERSION=\"\" -DPACKAGE_STRING=\"\" -DPACKAGE_BUGREPORT=\"\" -DPACKAGE_URL=\"\" -DDEBUG=1 -DXP_UNIX=1 -DDARWIN=1 -DHAVE_BSD_FLOCK=1 -DHAVE_SOCKLEN_T=1 -DHAVE_POINTER_LOCALTIME_R=1 -DHAS_CONNECTX=1 -DHAVE_CRT_EXTERNS_H=1 -DXP_MACOSX=1 -DHAVE_DLADDR=1 -DHAVE_LCHOWN=1 -DHAVE_SETPRIORITY=1 -DHAVE_STRERROR=1 -DHAVE_SYSCALL=1'
DLLFLAGS=''
DLL_SUFFIX='dylib'
DSO_CFLAGS='-fPIC'
DSO_LDOPTS='-dynamiclib -compatibility_version 1 -current_version 1 -all_load -install_name @executable_path/$@ -headerpad_max_install_names'
ECHO_C='\c'
ECHO_N=''
ECHO_T=''
EGREP=''
ENABLE_STRIP=''
EXEEXT=''
EXEFLAGS=''
FILTER=''
GCC_USE_GNU_LD=''
GNU_CC='1'
GREP=''
HOST_CC='gcc'
HOST_CFLAGS='  -DXP_UNIX'
HOST_LDFLAGS=''
IMPLIB=''
LD='/usr/bin/ld'
LDFLAGS=' '
LIBNSPR='-L$(dist_libdir) -lnspr$(MOD_MAJOR_VERSION)'
LIBOBJS=''
LIBPLC='-L$(dist_libdir) -lplc$(MOD_MAJOR_VERSION)'
LIBS=''
LIB_SUFFIX='a'
LTLIBOBJS=''
MACOSX_DEPLOYMENT_TARGET=''
MACOS_SDK_DIR=''
MDCPUCFG_H='_darwin.cfg'
MKSHLIB='$(CC) $(DSO_LDOPTS) -o $@'
MOD_MAJOR_VERSION='4'
MOD_MINOR_VERSION='22'
MOD_PATCH_VERSION='0'
MOZILLA_CLIENT=''
MOZ_DEBUG='1'
MOZ_DEBUG_SYMBOLS='1'
MOZ_OBJFORMAT=''
MOZ_OPTIMIZE=''
MSC_VER=''
MT=''
NEXT_ROOT=''
NOSUCHFILE='/no-such-file'
NSINSTALL='$(MOD_DEPTH)/config/$(OBJDIR_NAME)/nsinstall'
NSPR_MODNAME='nspr20'
OBJDIR='$(OBJDIR_NAME)'
OBJDIR_NAME='.'
OBJECT_MODE=''
OBJEXT='o'
OBJ_SUFFIX='o'
OPTIMIZER=''
OS_ARCH='Darwin'
OS_DLLFLAGS=''
OS_LIBS=' '
OS_RELEASE='18.5.0'
OS_TARGET='MacOSX'
OS_TEST='x86_64'
PACKAGE_BUGREPORT=''
PACKAGE_NAME=''
PACKAGE_STRING=''
PACKAGE_TARNAME=''
PACKAGE_URL=''
PACKAGE_VERSION=''
PATH_SEPARATOR=':'
PERL='/usr/bin/perl'
PROFILE_GEN_CFLAGS='-fprofile-generate'
PROFILE_GEN_LDFLAGS='-fprofile-generate'
PROFILE_USE_CFLAGS='-fprofile-use -fprofile-correction -Wcoverage-mismatch'
PROFILE_USE_LDFLAGS='-fprofile-use'
PR_MD_ARCH_DIR='unix'
PR_MD_ASFILES='os_Darwin.s'
PR_MD_CSRCS='darwin.c'
RANLIB='ranlib'
RC=''
RCFLAGS=''
RELEASE_OBJDIR_NAME='Darwin18.5.0_64_DBG.OBJ'
RESOLVE_LINK_SYMBOLS=''
SHELL='/bin/sh'
SHELL_OVERRIDE=''
STRIP='/usr/bin/strip -x -S'
SYMBIAN_SDK_DIR=''
ULTRASPARC_LIBRARY=''
USE_64='1'
USE_BTHREADS=''
USE_CPLUS=''
USE_IPV6=''
USE_N32=''
USE_NSPR_THREADS=''
USE_PTHREADS='1'
USE_USER_PTHREADS=''
USE_X32=''
VISIBILITY_FLAGS=''
WHOAMI='/usr/bin/whoami'
WINDRES='echo not_windres'
WRAP_LDFLAGS=''
WRAP_SYSTEM_INCLUDES=''
ac_ct_CC='gcc'
ac_ct_CXX=''
bindir='${exec_prefix}/bin'
build='x86_64-apple-darwin18.5.0'
build_alias=''
build_cpu='x86_64'
build_os='darwin18.5.0'
build_vendor='apple'
datadir='${datarootdir}'
datarootdir='${prefix}/share'
dist_bindir='${dist_prefix}/bin'
dist_includedir='${dist_prefix}/include/nspr'
dist_libdir='${dist_prefix}/lib'
dist_prefix='${MOD_DEPTH}/dist'
docdir='${datarootdir}/doc/${PACKAGE}'
dvidir='${docdir}'
exec_prefix='${prefix}'
host='x86_64-apple-darwin18.5.0'
host_alias=''
host_cpu='x86_64'
host_os='darwin18.5.0'
host_vendor='apple'
htmldir='${docdir}'
includedir='${prefix}/include/nspr'
infodir='${datarootdir}/info'
libdir='${exec_prefix}/lib'
libexecdir='${exec_prefix}/libexec'
localedir='${datarootdir}/locale'
localstatedir='${prefix}/var'
mandir='${datarootdir}/man'
oldincludedir='/usr/include'
pdfdir='${docdir}'
prefix='/Users/jamesrobinson/Desktop/XCode/ItemEncrypt/ItemEncrypt/Sources/dist/Debug'
program_transform_name='s,x,x,'
psdir='${docdir}'
sbindir='${exec_prefix}/sbin'
sharedstatedir='${prefix}/com'
sysconfdir='${prefix}/etc'
target='x86_64-apple-darwin18.5.0'
target_alias=''
target_cpu='x86_64'
target_os='darwin18.5.0'
target_vendor='apple'

## ----------- ##
## confdefs.h. ##
## ----------- ##

/* confdefs.h */
#define PACKAGE_NAME ""
#define PACKAGE_TARNAME ""
#define PACKAGE_VERSION ""
#define PACKAGE_STRING ""
#define PACKAGE_BUGREPORT ""
#define PACKAGE_URL ""
#define DEBUG 1
#define XP_UNIX 1
#define DARWIN 1
#define HAVE_BSD_FLOCK 1
#define HAVE_SOCKLEN_T 1
#define HAVE_POINTER_LOCALTIME_R 1
#define HAS_CONNECTX 1
#define HAVE_CRT_EXTERNS_H 1
#define XP_MACOSX 1
#define HAVE_DLADDR 1
#define HAVE_LCHOWN 1
#define HAVE_SETPRIORITY 1
#define HAVE_STRERROR 1
#define HAVE_SYSCALL 1

configure: exit 0
